0 info it worked if it ends with ok
1 verbose cli [ 'node', '/Users/ashleyqian/.nvm/v0.10.22/bin/npm', 'start' ]
2 info using npm@2.9.1
3 info using node@v0.10.22
4 verbose run-script [ 'prestart', 'start', 'poststart' ]
5 info prestart hackduke@0.1.0
6 info start hackduke@0.1.0
7 verbose unsafe-perm in lifecycle true
8 info hackduke@0.1.0 Failed to exec start script
9 verbose stack Error: hackduke@0.1.0 start: `gulp`
9 verbose stack Exit status 8
9 verbose stack     at EventEmitter.<anonymous> (/Users/ashleyqian/.nvm/v0.10.22/lib/node_modules/npm/lib/utils/lifecycle.js:213:16)
9 verbose stack     at EventEmitter.emit (events.js:98:17)
9 verbose stack     at ChildProcess.<anonymous> (/Users/ashleyqian/.nvm/v0.10.22/lib/node_modules/npm/lib/utils/spawn.js:24:14)
9 verbose stack     at ChildProcess.EventEmitter.emit (events.js:98:17)
9 verbose stack     at maybeClose (child_process.js:735:16)
9 verbose stack     at Process.ChildProcess._handle.onexit (child_process.js:802:5)
10 verbose pkgid hackduke@0.1.0
11 verbose cwd /Users/ashleyqian/Documents/Projects/hackduke
12 error Darwin 13.4.0
13 error argv "node" "/Users/ashleyqian/.nvm/v0.10.22/bin/npm" "start"
14 error node v0.10.22
15 error npm  v2.9.1
16 error code ELIFECYCLE
17 error hackduke@0.1.0 start: `gulp`
17 error Exit status 8
18 error Failed at the hackduke@0.1.0 start script 'gulp'.
18 error This is most likely a problem with the hackduke package,
18 error not with npm itself.
18 error Tell the author that this fails on your system:
18 error     gulp
18 error You can get their info via:
18 error     npm owner ls hackduke
18 error There is likely additional logging output above.
19 verbose exit [ 1, true ]
